L 1 "..\..\..\..\src\btstack_tlv_none.c"
N/*
N * Copyright (C) 2017 BlueKitchen GmbH
N *
N * Redistribution and use in source and binary forms, with or without
N * modification, are permitted provided that the following conditions
N * are met:
N *
N * 1. Redistributions of source code must retain the above copyright
N *    notice, this list of conditions and the following disclaimer.
N * 2. Redistributions in binary form must reproduce the above copyright
N *    notice, this list of conditions and the following disclaimer in the
N *    documentation and/or other materials provided with the distribution.
N * 3. Neither the name of the copyright holders nor the names of
N *    contributors may be used to endorse or promote products derived
N *    from this software without specific prior written permission.
N *
N * THIS SOFTWARE IS PROVIDED BY MATTHIAS RINGWALD AND CONTRIBUTORS
N * ``AS IS'' AND ANY EXPRESS OR IMPLIED WARRANTIES, INCLUDING, BUT NOT
N * LIMITED TO, THE IMPLIED WARRANTIES OF MERCHANTABILITY AND FITNESS
N * FOR A PARTICULAR PURPOSE ARE DISCLAIMED. IN NO EVENT SHALL MATTHIAS
N * RINGWALD OR CONTRIBUTORS BE LIABLE FOR ANY DIRECT, INDIRECT,
N * INCIDENTAL, SPECIAL, EXEMPLARY, OR CONSEQUENTIAL DAMAGES (INCLUDING,
N * BUT NOT LIMITED TO, PROCUREMENT OF SUBSTITUTE GOODS OR SERVICES; LOSS
N * OF USE, DATA, OR PROFITS; OR BUSINESS INTERRUPTION) HOWEVER CAUSED
N * AND ON ANY THEORY OF LIABILITY, WHETHER IN CONTRACT, STRICT LIABILITY,
N * OR TORT (INCLUDING NEGLIGENCE OR OTHERWISE) ARISING IN ANY WAY OUT OF
N * THE USE OF THIS SOFTWARE, EVEN IF ADVISED OF THE POSSIBILITY OF
N * SUCH DAMAGE.
N *
N */
N
N#define BTSTACK_FILE__ "btstack_tlv_none.c"
N
N#include "btstack_tlv.h"
L 1 "..\..\..\..\src\btstack_tlv.h" 1
N/*
N * Copyright (C) 2017 BlueKitchen GmbH
N *
N * Redistribution and use in source and binary forms, with or without
N * modification, are permitted provided that the following conditions
N * are met:
N *
N * 1. Redistributions of source code must retain the above copyright
N *    notice, this list of conditions and the following disclaimer.
N * 2. Redistributions in binary form must reproduce the above copyright
N *    notice, this list of conditions and the following disclaimer in the
N *    documentation and/or other materials provided with the distribution.
N * 3. Neither the name of the copyright holders nor the names of
N *    contributors may be used to endorse or promote products derived
N *    from this software without specific prior written permission.
N *
N * THIS SOFTWARE IS PROVIDED BY MATTHIAS RINGWALD AND CONTRIBUTORS
N * ``AS IS'' AND ANY EXPRESS OR IMPLIED WARRANTIES, INCLUDING, BUT NOT
N * LIMITED TO, THE IMPLIED WARRANTIES OF MERCHANTABILITY AND FITNESS
N * FOR A PARTICULAR PURPOSE ARE DISCLAIMED. IN NO EVENT SHALL MATTHIAS
N * RINGWALD OR CONTRIBUTORS BE LIABLE FOR ANY DIRECT, INDIRECT,
N * INCIDENTAL, SPECIAL, EXEMPLARY, OR CONSEQUENTIAL DAMAGES (INCLUDING,
N * BUT NOT LIMITED TO, PROCUREMENT OF SUBSTITUTE GOODS OR SERVICES; LOSS
N * OF USE, DATA, OR PROFITS; OR BUSINESS INTERRUPTION) HOWEVER CAUSED
N * AND ON ANY THEORY OF LIABILITY, WHETHER IN CONTRACT, STRICT LIABILITY,
N * OR TORT (INCLUDING NEGLIGENCE OR OTHERWISE) ARISING IN ANY WAY OUT OF
N * THE USE OF THIS SOFTWARE, EVEN IF ADVISED OF THE POSSIBILITY OF
N * SUCH DAMAGE.
N *
N */
N
N/**
N * @title Tag-Value-Length Persistent Storage (TLV)
N *
N * Inteface for BTstack's Tag Value Length Persistent Storage implementations
N * used to store pairing/bonding data.
N *
N */
N
N#ifndef BTSTACK_TLV_H
N#define BTSTACK_TLV_H
N
N#include <stdint.h>
L 1 "C:\Keil_v5\ARM\ARMCC\Bin\..\include\stdint.h" 1
N/* Copyright (C) ARM Ltd., 1999,2014 */
N/* All rights reserved */
N
N/*
N * RCS $Revision$
N * Checkin $Date$
N * Revising $Author: agrant $
N */
N
N#ifndef __stdint_h
N#define __stdint_h
N#define __ARMCLIB_VERSION 5060019
N
N  #ifdef __INT64_TYPE__
S    /* armclang predefines '__INT64_TYPE__' and '__INT64_C_SUFFIX__' */
S    #define __INT64 __INT64_TYPE__
N  #else
N    /* armcc has builtin '__int64' which can be used in --strict mode */
N    #define __INT64 __int64
N    #define __INT64_C_SUFFIX__ ll
N  #endif
N  #define __PASTE2(x, y) x ## y
N  #define __PASTE(x, y) __PASTE2(x, y)
N  #define __INT64_C(x)  __ESCAPE__(__PASTE(x, __INT64_C_SUFFIX__))
N  #define __UINT64_C(x)  __ESCAPE__(__PASTE(x ## u, __INT64_C_SUFFIX__))
N  #if defined(__clang__) || (defined(__ARMCC_VERSION) && !defined(__STRICT_ANSI__))
X  #if 0L || (1L && !0L)
N    /* armclang and non-strict armcc allow 'long long' in system headers */
N    #define __LONGLONG long long
N  #else
S    /* strict armcc has '__int64' */
S    #define __LONGLONG __int64
N  #endif
N
N  #ifndef __STDINT_DECLS
N  #define __STDINT_DECLS
N
N    #undef __CLIBNS
N
N    #ifdef __cplusplus
S      namespace std {
S          #define __CLIBNS std::
S          extern "C" {
N    #else
N      #define __CLIBNS
N    #endif  /* __cplusplus */
N
N
N/*
N * 'signed' is redundant below, except for 'signed char' and if
N * the typedef is used to declare a bitfield.
N */
N
N    /* 7.18.1.1 */
N
N    /* exact-width signed integer types */
Ntypedef   signed          char int8_t;
Ntypedef   signed short     int int16_t;
Ntypedef   signed           int int32_t;
Ntypedef   signed       __INT64 int64_t;
Xtypedef   signed       __int64 int64_t;
N
N    /* exact-width unsigned integer types */
Ntypedef unsigned          char uint8_t;
Ntypedef unsigned short     int uint16_t;
Ntypedef unsigned           int uint32_t;
Ntypedef unsigned       __INT64 uint64_t;
Xtypedef unsigned       __int64 uint64_t;
N
N    /* 7.18.1.2 */
N
N    /* smallest type of at least n bits */
N    /* minimum-width signed integer types */
Ntypedef   signed          char int_least8_t;
Ntypedef   signed short     int int_least16_t;
Ntypedef   signed           int int_least32_t;
Ntypedef   signed       __INT64 int_least64_t;
Xtypedef   signed       __int64 int_least64_t;
N
N    /* minimum-width unsigned integer types */
Ntypedef unsigned          char uint_least8_t;
Ntypedef unsigned short     int uint_least16_t;
Ntypedef unsigned           int uint_least32_t;
Ntypedef unsigned       __INT64 uint_least64_t;
Xtypedef unsigned       __int64 uint_least64_t;
N
N    /* 7.18.1.3 */
N
N    /* fastest minimum-width signed integer types */
Ntypedef   signed           int int_fast8_t;
Ntypedef   signed           int int_fast16_t;
Ntypedef   signed           int int_fast32_t;
Ntypedef   signed       __INT64 int_fast64_t;
Xtypedef   signed       __int64 int_fast64_t;
N
N    /* fastest minimum-width unsigned integer types */
Ntypedef unsigned           int uint_fast8_t;
Ntypedef unsigned           int uint_fast16_t;
Ntypedef unsigned           int uint_fast32_t;
Ntypedef unsigned       __INT64 uint_fast64_t;
Xtypedef unsigned       __int64 uint_fast64_t;
N
N    /* 7.18.1.4 integer types capable of holding object pointers */
N#if __sizeof_ptr == 8
X#if 4 == 8
Stypedef   signed       __INT64 intptr_t;
Stypedef unsigned       __INT64 uintptr_t;
N#else
Ntypedef   signed           int intptr_t;
Ntypedef unsigned           int uintptr_t;
N#endif
N
N    /* 7.18.1.5 greatest-width integer types */
Ntypedef   signed     __LONGLONG intmax_t;
Xtypedef   signed     long long intmax_t;
Ntypedef unsigned     __LONGLONG uintmax_t;
Xtypedef unsigned     long long uintmax_t;
N
N
N#if !defined(__cplusplus) || defined(__STDC_LIMIT_MACROS)
X#if !0L || 0L
N
N    /* 7.18.2.1 */
N
N    /* minimum values of exact-width signed integer types */
N#define INT8_MIN                   -128
N#define INT16_MIN                -32768
N#define INT32_MIN          (~0x7fffffff)   /* -2147483648 is unsigned */
N#define INT64_MIN  __INT64_C(~0x7fffffffffffffff) /* -9223372036854775808 is unsigned */
N
N    /* maximum values of exact-width signed integer types */
N#define INT8_MAX                    127
N#define INT16_MAX                 32767
N#define INT32_MAX            2147483647
N#define INT64_MAX  __INT64_C(9223372036854775807)
N
N    /* maximum values of exact-width unsigned integer types */
N#define UINT8_MAX                   255
N#define UINT16_MAX                65535
N#define UINT32_MAX           4294967295u
N#define UINT64_MAX __UINT64_C(18446744073709551615)
N
N    /* 7.18.2.2 */
N
N    /* minimum values of minimum-width signed integer types */
N#define INT_LEAST8_MIN                   -128
N#define INT_LEAST16_MIN                -32768
N#define INT_LEAST32_MIN          (~0x7fffffff)
N#define INT_LEAST64_MIN  __INT64_C(~0x7fffffffffffffff)
N
N    /* maximum values of minimum-width signed integer types */
N#define INT_LEAST8_MAX                    127
N#define INT_LEAST16_MAX                 32767
N#define INT_LEAST32_MAX            2147483647
N#define INT_LEAST64_MAX  __INT64_C(9223372036854775807)
N
N    /* maximum values of minimum-width unsigned integer types */
N#define UINT_LEAST8_MAX                   255
N#define UINT_LEAST16_MAX                65535
N#define UINT_LEAST32_MAX           4294967295u
N#define UINT_LEAST64_MAX __UINT64_C(18446744073709551615)
N
N    /* 7.18.2.3 */
N
N    /* minimum values of fastest minimum-width signed integer types */
N#define INT_FAST8_MIN           (~0x7fffffff)
N#define INT_FAST16_MIN          (~0x7fffffff)
N#define INT_FAST32_MIN          (~0x7fffffff)
N#define INT_FAST64_MIN  __INT64_C(~0x7fffffffffffffff)
N
N    /* maximum values of fastest minimum-width signed integer types */
N#define INT_FAST8_MAX             2147483647
N#define INT_FAST16_MAX            2147483647
N#define INT_FAST32_MAX            2147483647
N#define INT_FAST64_MAX  __INT64_C(9223372036854775807)
N
N    /* maximum values of fastest minimum-width unsigned integer types */
N#define UINT_FAST8_MAX            4294967295u
N#define UINT_FAST16_MAX           4294967295u
N#define UINT_FAST32_MAX           4294967295u
N#define UINT_FAST64_MAX __UINT64_C(18446744073709551615)
N
N    /* 7.18.2.4 */
N
N    /* minimum value of pointer-holding signed integer type */
N#if __sizeof_ptr == 8
X#if 4 == 8
S#define INTPTR_MIN INT64_MIN
N#else
N#define INTPTR_MIN INT32_MIN
N#endif
N
N    /* maximum value of pointer-holding signed integer type */
N#if __sizeof_ptr == 8
X#if 4 == 8
S#define INTPTR_MAX INT64_MAX
N#else
N#define INTPTR_MAX INT32_MAX
N#endif
N
N    /* maximum value of pointer-holding unsigned integer type */
N#if __sizeof_ptr == 8
X#if 4 == 8
S#define UINTPTR_MAX UINT64_MAX
N#else
N#define UINTPTR_MAX UINT32_MAX
N#endif
N
N    /* 7.18.2.5 */
N
N    /* minimum value of greatest-width signed integer type */
N#define INTMAX_MIN  __ESCAPE__(~0x7fffffffffffffffll)
N
N    /* maximum value of greatest-width signed integer type */
N#define INTMAX_MAX  __ESCAPE__(9223372036854775807ll)
N
N    /* maximum value of greatest-width unsigned integer type */
N#define UINTMAX_MAX __ESCAPE__(18446744073709551615ull)
N
N    /* 7.18.3 */
N
N    /* limits of ptrdiff_t */
N#if __sizeof_ptr == 8
X#if 4 == 8
S#define PTRDIFF_MIN INT64_MIN
S#define PTRDIFF_MAX INT64_MAX
N#else
N#define PTRDIFF_MIN INT32_MIN
N#define PTRDIFF_MAX INT32_MAX
N#endif
N
N    /* limits of sig_atomic_t */
N#define SIG_ATOMIC_MIN (~0x7fffffff)
N#define SIG_ATOMIC_MAX   2147483647
N
N    /* limit of size_t */
N#if __sizeof_ptr == 8
X#if 4 == 8
S#define SIZE_MAX UINT64_MAX
N#else
N#define SIZE_MAX UINT32_MAX
N#endif
N
N    /* limits of wchar_t */
N    /* NB we have to undef and redef because they're defined in both
N     * stdint.h and wchar.h */
N#undef WCHAR_MIN
N#undef WCHAR_MAX
N
N#if defined(__WCHAR32) || (defined(__ARM_SIZEOF_WCHAR_T) && __ARM_SIZEOF_WCHAR_T == 4)
X#if 0L || (0L && __ARM_SIZEOF_WCHAR_T == 4)
S  #define WCHAR_MIN   0
S  #define WCHAR_MAX   0xffffffffU
N#else
N  #define WCHAR_MIN   0
N  #define WCHAR_MAX   65535
N#endif
N
N    /* limits of wint_t */
N#define WINT_MIN (~0x7fffffff)
N#define WINT_MAX 2147483647
N
N#endif /* __STDC_LIMIT_MACROS */
N
N#if !defined(__cplusplus) || defined(__STDC_CONSTANT_MACROS)
X#if !0L || 0L
N
N    /* 7.18.4.1 macros for minimum-width integer constants */
N#define INT8_C(x)   (x)
N#define INT16_C(x)  (x)
N#define INT32_C(x)  (x)
N#define INT64_C(x)  __INT64_C(x)
N
N#define UINT8_C(x)  (x ## u)
N#define UINT16_C(x) (x ## u)
N#define UINT32_C(x) (x ## u)
N#define UINT64_C(x) __UINT64_C(x)
N
N    /* 7.18.4.2 macros for greatest-width integer constants */
N#define INTMAX_C(x)  __ESCAPE__(x ## ll)
N#define UINTMAX_C(x) __ESCAPE__(x ## ull)
N
N#endif /* __STDC_CONSTANT_MACROS */
N
N    #ifdef __cplusplus
S         }  /* extern "C" */
S      }  /* namespace std */
N    #endif /* __cplusplus */
N  #endif /* __STDINT_DECLS */
N
N  #ifdef __cplusplus
S    #ifndef __STDINT_NO_EXPORTS
S      using ::std::int8_t;
S      using ::std::int16_t;
S      using ::std::int32_t;
S      using ::std::int64_t;
S      using ::std::uint8_t;
S      using ::std::uint16_t;
S      using ::std::uint32_t;
S      using ::std::uint64_t;
S      using ::std::int_least8_t;
S      using ::std::int_least16_t;
S      using ::std::int_least32_t;
S      using ::std::int_least64_t;
S      using ::std::uint_least8_t;
S      using ::std::uint_least16_t;
S      using ::std::uint_least32_t;
S      using ::std::uint_least64_t;
S      using ::std::int_fast8_t;
S      using ::std::int_fast16_t;
S      using ::std::int_fast32_t;
S      using ::std::int_fast64_t;
S      using ::std::uint_fast8_t;
S      using ::std::uint_fast16_t;
S      using ::std::uint_fast32_t;
S      using ::std::uint_fast64_t;
S      using ::std::intptr_t;
S      using ::std::uintptr_t;
S      using ::std::intmax_t;
S      using ::std::uintmax_t;
S    #endif
N  #endif /* __cplusplus */
N
N#undef __INT64
N#undef __LONGLONG
N
N#endif /* __stdint_h */
N
N/* end of stdint.h */
L 44 "..\..\..\..\src\btstack_tlv.h" 2
N
N#if defined __cplusplus
X#if 0L
Sextern "C" {
N#endif
N
N/* API_START */
N
Ntypedef struct {
N
N	/**
N	 * Get Value for Tag
N	 * @param context
N	 * @param tag
N	 * @param buffer
N	 * @param buffer_size
N	 * @returns size of value
N	 */
N	int (*get_tag)(void * context, uint32_t tag, uint8_t * buffer, uint32_t buffer_size);
N
N	/**
N	 * Store Tag 
N	 * @param context
N	 * @param tag
N	 * @param data
N	 * @param data_size
N	 * @returns 0 on success
N	 */
N	int (*store_tag)(void * context, uint32_t tag, const uint8_t * data, uint32_t data_size);
N
N	/**
N	 * Delete Tag
N     *  @note it is not expected that delete operation fails, please use at least log_error in case of errors
N	 * @param context
N	 * @param tag
N	 */
N	void (*delete_tag)(void * context,  uint32_t tag);
N
N} btstack_tlv_t;
N
N/** 
N * @brief Make TLV implementation available to BTstack components via Singleton
N * @note Usually called by port after BD_ADDR was retrieved from Bluetooth Controller
N * @param tlv_impl
N * @param tlv_context
N */
Nvoid btstack_tlv_set_instance(const btstack_tlv_t * tlv_impl, void * tlv_context);
N
N/**
N * @brief Get current TLV implementation. Used for bonding information, but can be used by application, too.
N * @param tlv_impl
N * @param tlv_context
N */
Nvoid btstack_tlv_get_instance(const btstack_tlv_t ** tlv_impl, void ** tlv_context);
N
N/* API_END */
N
N#if defined __cplusplus
X#if 0L
S}
N#endif
N#endif // BTSTACK_TLV_H
L 35 "..\..\..\..\src\btstack_tlv_none.c" 2
N#include "btstack_tlv_none.h"
L 1 "..\..\..\..\src\btstack_tlv_none.h" 1
N/*
N * Copyright (C) 2017 BlueKitchen GmbH
N *
N * Redistribution and use in source and binary forms, with or without
N * modification, are permitted provided that the following conditions
N * are met:
N *
N * 1. Redistributions of source code must retain the above copyright
N *    notice, this list of conditions and the following disclaimer.
N * 2. Redistributions in binary form must reproduce the above copyright
N *    notice, this list of conditions and the following disclaimer in the
N *    documentation and/or other materials provided with the distribution.
N * 3. Neither the name of the copyright holders nor the names of
N *    contributors may be used to endorse or promote products derived
N *    from this software without specific prior written permission.
N *
N * THIS SOFTWARE IS PROVIDED BY MATTHIAS RINGWALD AND CONTRIBUTORS
N * ``AS IS'' AND ANY EXPRESS OR IMPLIED WARRANTIES, INCLUDING, BUT NOT
N * LIMITED TO, THE IMPLIED WARRANTIES OF MERCHANTABILITY AND FITNESS
N * FOR A PARTICULAR PURPOSE ARE DISCLAIMED. IN NO EVENT SHALL MATTHIAS
N * RINGWALD OR CONTRIBUTORS BE LIABLE FOR ANY DIRECT, INDIRECT,
N * INCIDENTAL, SPECIAL, EXEMPLARY, OR CONSEQUENTIAL DAMAGES (INCLUDING,
N * BUT NOT LIMITED TO, PROCUREMENT OF SUBSTITUTE GOODS OR SERVICES; LOSS
N * OF USE, DATA, OR PROFITS; OR BUSINESS INTERRUPTION) HOWEVER CAUSED
N * AND ON ANY THEORY OF LIABILITY, WHETHER IN CONTRACT, STRICT LIABILITY,
N * OR TORT (INCLUDING NEGLIGENCE OR OTHERWISE) ARISING IN ANY WAY OUT OF
N * THE USE OF THIS SOFTWARE, EVEN IF ADVISED OF THE POSSIBILITY OF
N * SUCH DAMAGE.
N *
N */
N
N/**
N * @title Empty TLV Instance
N *
N * Empty implementation for BTstack's Tag Value Length Persistent Storage implementations
N * No keys are stored. Can be used as placeholder during porting to new platform. 
N */
N
N#ifndef BTSTACK_TLV_NONE_H
N#define BTSTACK_TLV_NONE_H
N
N#include <stdint.h>
N#include "btstack_tlv.h"
N
N#if defined __cplusplus
X#if 0L
Sextern "C" {
N#endif
N
N/* API_START */
N
N/**
N * Init Tag Length Value Store
N * @param context btstack_tlv_none_t 
N * @param hal_flash_bank_impl    of hal_flash_bank interface
N * @Param hal_flash_bank_context of hal_flash_bank_interface
N */
Nconst btstack_tlv_t * btstack_tlv_none_init_instance(void);
N
N/* API_END */
N
N#if defined __cplusplus
X#if 0L
S}
N#endif
N#endif // BTSTACK_TLV_NONE_H
L 36 "..\..\..\..\src\btstack_tlv_none.c" 2
N
N/**
N * Get Value for Tag
N * @param tag
N * @param buffer
N * @param buffer_size
N * @returns size of value
N */
Nstatic int btstack_tlv_none_get_tag(void * context, uint32_t tag, uint8_t * buffer, uint32_t buffer_size){
N	return 0;
N}
N
N/**
N * Store Tag 
N * @param tag
N * @param data
N * @param data_size
N */
Nstatic int btstack_tlv_none_store_tag(void * context, uint32_t tag, const uint8_t * data, uint32_t data_size){
N	return 0;
N}
N
N/**
N * Delete Tag
N * @param tag
N */
Nstatic void btstack_tlv_none_delete_tag(void * context, uint32_t tag){
N}
N
Nstatic const btstack_tlv_t btstack_tlv_none = {
N	/* int  (*get_tag)(..);     */ &btstack_tlv_none_get_tag,
N	/* int (*store_tag)(..);    */ &btstack_tlv_none_store_tag,
N	/* void (*delete_tag)(v..); */ &btstack_tlv_none_delete_tag,
N};
N
N/**
N * Init Tag Length Value Store
N */
Nconst btstack_tlv_t * btstack_tlv_none_init_instance(void){
N	return &btstack_tlv_none;
N}
N
