  fifo.c
  main.c
main.c(62): warning C4047: “函数”:“DWORD”与“void *”的间接级别不同
main.c(62): warning C4024: “OpenMutexA”: 形参和实参 1 的类型不同
main.c(62): warning C4047: “函数”:“BOOL”与“HANDLE”的间接级别不同
main.c(62): warning C4024: “OpenMutexA”: 形参和实参 2 的类型不同
main.c(62): warning C4047: “return”:“BOOL”与“HANDLE”的间接级别不同
main.c(80): warning C4133: “函数”: 从“char [100]”到“LPCWSTR”的类型不兼容
main.c(83): warning C4133: “函数”: 从“const char *”到“LPCWSTR”的类型不兼容
main.c(78): warning C4996: 'strncpy': This function or variable may be unsafe. Consider using strncpy_s instead. To disable deprecation, use _CRT_SECURE_NO_WARNINGS. See online help for details.
  C:\Program Files (x86)\Windows Kits\10\Include\10.0.10240.0\ucrt\string.h(346): note: 参见“strncpy”的声明
main.c(79): warning C4996: 'strncat': This function or variable may be unsafe. Consider using strncat_s instead. To disable deprecation, use _CRT_SECURE_NO_WARNINGS. See online help for details.
  C:\Program Files (x86)\Windows Kits\10\Include\10.0.10240.0\ucrt\string.h(255): note: 参见“strncat”的声明
main.c(282): warning C4456: “i”的声明隐藏了上一个本地声明
  main.c(130): note: 参见“i”的声明
main.c(289): warning C4133: “函数”: 从“char [100]”到“LPCWSTR”的类型不兼容
main.c(291): warning C4133: “函数”: 从“const char *”到“LPCWSTR”的类型不兼容
main.c(301): warning C4047: “函数”:“LPDWORD”与“HANDLE *”的间接级别不同
main.c(301): warning C4024: “CreateThread”: 形参和实参 6 的类型不同
main.c(301): warning C4047: “=”:“DWORD”与“HANDLE”的间接级别不同
main.c(287): warning C4996: 'strncpy': This function or variable may be unsafe. Consider using strncpy_s instead. To disable deprecation, use _CRT_SECURE_NO_WARNINGS. See online help for details.
  C:\Program Files (x86)\Windows Kits\10\Include\10.0.10240.0\ucrt\string.h(346): note: 参见“strncpy”的声明
main.c(288): warning C4996: 'strncat': This function or variable may be unsafe. Consider using strncat_s instead. To disable deprecation, use _CRT_SECURE_NO_WARNINGS. See online help for details.
  C:\Program Files (x86)\Windows Kits\10\Include\10.0.10240.0\ucrt\string.h(255): note: 参见“strncat”的声明
main.c(449): warning C4459: “hci_log”的声明隐藏了全局声明
  main.c(377): note: 参见“hci_log”的声明
  serial_port.c
serial_port.c(24): warning C4057: “函数”:“LPDWORD”与“unsigned int *”在稍微不同的基类型间接寻址上不同
serial_port.c(9): warning C4100: “lpParam”: 未引用的形参
serial_port.c(14): warning C4189: “dwEventMask”: 局部变量已初始化但不引用
serial_port.c(25): warning C4189: “error”: 局部变量已初始化但不引用
serial_port.c(106): warning C4133: “函数”: 从“LPCWSTR”到“LPCSTR”的类型不兼容
serial_port.c(142): warning C4189: “status”: 局部变量已初始化但不引用
serial_port.c(174): warning C4057: “函数”:“LPDWORD”与“unsigned int *”在稍微不同的基类型间接寻址上不同
serial_port.c(171): warning C4189: “status”: 局部变量已初始化但不引用
  正在生成代码...
f:\工作\项目\蓝牙协议栈开发-blue-angel\blue_angel\bluetooth_basic_v0.1\tools\hci_logging_tool\main.c(469): warning C4701: 使用了可能未初始化的局部变量“hci_data_type”
f:\工作\项目\蓝牙协议栈开发-blue-angel\blue_angel\bluetooth_basic_v0.1\tools\hci_logging_tool\main.c(469): warning C4701: 使用了可能未初始化的局部变量“hci_log_direction”
f:\工作\项目\蓝牙协议栈开发-blue-angel\blue_angel\bluetooth_basic_v0.1\tools\hci_logging_tool\main.c(104): warning C4716: “available_serial_port_check”: 必须返回一个值
  csample.vcxproj -> F:\工作\项目\蓝牙协议栈开发-blue-angel\blue_angel\bluetooth_basic_v0.1\Tools\HCI_Logging_Tool\Release\CSample.exe
  csample.vcxproj -> .\Release/csample.pdb (Full PDB)
