c:\users\heye\desktop\wireless_bt\ref\logging_tool\hciloggingtool\hci_logging_tool\debug\vc140.pdb
c:\users\heye\desktop\wireless_bt\ref\logging_tool\hciloggingtool\hci_logging_tool\debug\vc140.idb
c:\users\heye\desktop\wireless_bt\ref\logging_tool\hciloggingtool\hci_logging_tool\debug\serial_port.obj
c:\users\heye\desktop\wireless_bt\ref\logging_tool\hciloggingtool\hci_logging_tool\debug\main.obj
c:\users\heye\desktop\wireless_bt\ref\logging_tool\hciloggingtool\hci_logging_tool\debug\fifo.obj
c:\users\heye\desktop\wireless_bt\ref\logging_tool\hciloggingtool\hci_logging_tool\debug\csample.ilk
c:\users\heye\desktop\wireless_bt\ref\logging_tool\hciloggingtool\hci_logging_tool\debug\csample.exe
c:\users\heye\desktop\wireless_bt\ref\logging_tool\hciloggingtool\hci_logging_tool\debug\csample.pdb
f:\工作\项目\蓝牙协议栈开发-blue-angel\blue_angel\bluetooth_basic_v0.1\tools\hci_logging_tool\debug\fifo.obj
f:\工作\项目\蓝牙协议栈开发-blue-angel\blue_angel\bluetooth_basic_v0.1\tools\hci_logging_tool\debug\main.obj
f:\工作\项目\蓝牙协议栈开发-blue-angel\blue_angel\bluetooth_basic_v0.1\tools\hci_logging_tool\debug\serial_port.obj
f:\工作\项目\蓝牙协议栈开发-blue-angel\blue_angel\bluetooth_basic_v0.1\tools\hci_logging_tool\debug\csample.ilk
f:\工作\项目\蓝牙协议栈开发-blue-angel\blue_angel\bluetooth_basic_v0.1\tools\hci_logging_tool\debug\vc140.idb
f:\工作\项目\蓝牙协议栈开发-blue-angel\blue_angel\bluetooth_basic_v0.1\tools\hci_logging_tool\debug\csample.pdb
f:\工作\项目\蓝牙协议栈开发-blue-angel\blue_angel\bluetooth_basic_v0.1\tools\hci_logging_tool\debug\vc140.pdb
f:\工作\项目\蓝牙协议栈开发-blue-angel\blue_angel\bluetooth_basic_v0.1\tools\hci_logging_tool\debug\csample.exe
f:\工作\项目\蓝牙协议栈开发-blue-angel\blue_angel\bluetooth_basic_v0.1\tools\hci_logging_tool\debug\csample.tlog\cl.command.1.tlog
f:\工作\项目\蓝牙协议栈开发-blue-angel\blue_angel\bluetooth_basic_v0.1\tools\hci_logging_tool\debug\csample.tlog\cl.read.1.tlog
f:\工作\项目\蓝牙协议栈开发-blue-angel\blue_angel\bluetooth_basic_v0.1\tools\hci_logging_tool\debug\csample.tlog\cl.write.1.tlog
f:\工作\项目\蓝牙协议栈开发-blue-angel\blue_angel\bluetooth_basic_v0.1\tools\hci_logging_tool\debug\csample.tlog\link.command.1.tlog
f:\工作\项目\蓝牙协议栈开发-blue-angel\blue_angel\bluetooth_basic_v0.1\tools\hci_logging_tool\debug\csample.tlog\link.read.1.tlog
f:\工作\项目\蓝牙协议栈开发-blue-angel\blue_angel\bluetooth_basic_v0.1\tools\hci_logging_tool\debug\csample.tlog\link.write.1.tlog
